2022-06-11 00:28:37.168 [INFO] [restartedMain] [c.b.a.AddressBookAppApplication:55] Starting AddressBookAppApplication using Java 17.0.2 on LAPTOP-7535D7BF with PID 5076 (D:\Java SE Development Kit 17.0.2\JetBrains\CFP Projects\Address Book App Development\addressbookapp\addressbookapp\target\classes started by HP in D:\Java SE Development Kit 17.0.2\JetBrains\CFP Projects\Address Book App Development\addressbookapp)
2022-06-11 00:28:37.203 [DEBUG] [restartedMain] [c.b.a.AddressBookAppApplication:56] Running with Spring Boot v2.7.0, Spring v5.3.20
2022-06-11 00:28:37.203 [INFO] [restartedMain] [c.b.a.AddressBookAppApplication:634] No active profile set, falling back to 1 default profile: "default"
2022-06-11 00:28:40.085 [WARN] [restartedMain] [o.s.b.a.o.j.JpaBaseConfiguration$JpaWebConfiguration:219] spring.jpa.open-in-view is enabled by default. Therefore, database queries may be performed during view rendering. Explicitly configure spring.jpa.open-in-view to disable this warning
2022-06-11 00:28:40.476 [INFO] [restartedMain] [c.b.a.AddressBookAppApplication:61] Started AddressBookAppApplication in 3.736 seconds (JVM running for 4.262)
2022-06-11 00:28:40.476 [INFO] [restartedMain] [c.b.a.AddressBookAppApplication:16] AddressBook App Started in COMMON Environment
2022-06-11 00:28:40.476 [INFO] [restartedMain] [c.b.a.AddressBookAppApplication:17] AddressBook App started
2022-06-11 00:35:30.315 [INFO] [restartedMain] [c.b.a.AddressBookAppApplication:55] Starting AddressBookAppApplication using Java 17.0.2 on LAPTOP-7535D7BF with PID 11476 (D:\Java SE Development Kit 17.0.2\JetBrains\CFP Projects\Address Book App Development\addressbookapp\addressbookapp\target\classes started by HP in D:\Java SE Development Kit 17.0.2\JetBrains\CFP Projects\Address Book App Development\addressbookapp)
2022-06-11 00:35:30.315 [DEBUG] [restartedMain] [c.b.a.AddressBookAppApplication:56] Running with Spring Boot v2.7.0, Spring v5.3.20
2022-06-11 00:35:30.315 [INFO] [restartedMain] [c.b.a.AddressBookAppApplication:640] The following 1 profile is active: "DEV"
2022-06-11 00:35:33.093 [WARN] [restartedMain] [o.s.b.a.o.j.JpaBaseConfiguration$JpaWebConfiguration:219] spring.jpa.open-in-view is enabled by default. Therefore, database queries may be performed during view rendering. Explicitly configure spring.jpa.open-in-view to disable this warning
2022-06-11 00:35:33.406 [INFO] [restartedMain] [c.b.a.AddressBookAppApplication:61] Started AddressBookAppApplication in 3.497 seconds (JVM running for 3.984)
2022-06-11 00:35:33.406 [INFO] [restartedMain] [c.b.a.AddressBookAppApplication:16] AddressBook App Started in DEV Environment
2022-06-11 00:35:33.406 [INFO] [restartedMain] [c.b.a.AddressBookAppApplication:17] AddressBook App started
2022-06-11 00:51:42.375 [INFO] [restartedMain] [c.b.a.AddressBookAppApplication:55] Starting AddressBookAppApplication using Java 17.0.2 on LAPTOP-7535D7BF with PID 3728 (D:\Java SE Development Kit 17.0.2\JetBrains\CFP Projects\Address Book App Development\addressbookapp\addressbookapp\target\classes started by HP in D:\Java SE Development Kit 17.0.2\JetBrains\CFP Projects\Address Book App Development\addressbookapp)
2022-06-11 00:51:42.375 [DEBUG] [restartedMain] [c.b.a.AddressBookAppApplication:56] Running with Spring Boot v2.7.0, Spring v5.3.20
2022-06-11 00:51:42.375 [INFO] [restartedMain] [c.b.a.AddressBookAppApplication:640] The following 1 profile is active: "DEV"
2022-06-11 00:51:45.580 [WARN] [restartedMain] [o.s.b.a.o.j.JpaBaseConfiguration$JpaWebConfiguration:219] spring.jpa.open-in-view is enabled by default. Therefore, database queries may be performed during view rendering. Explicitly configure spring.jpa.open-in-view to disable this warning
2022-06-11 00:51:45.956 [INFO] [restartedMain] [c.b.a.AddressBookAppApplication:61] Started AddressBookAppApplication in 4.083 seconds (JVM running for 4.694)
2022-06-11 00:51:45.956 [INFO] [restartedMain] [c.b.a.AddressBookAppApplication:16] AddressBook App Started in DEV Environment
2022-06-11 00:51:45.971 [INFO] [restartedMain] [c.b.a.AddressBookAppApplication:17] AddressBook App started
2022-06-11 00:59:04.434 [INFO] [restartedMain] [c.b.a.AddressBookAppApplication:55] Starting AddressBookAppApplication using Java 17.0.2 on LAPTOP-7535D7BF with PID 3728 (D:\Java SE Development Kit 17.0.2\JetBrains\CFP Projects\Address Book App Development\addressbookapp\addressbookapp\target\classes started by HP in D:\Java SE Development Kit 17.0.2\JetBrains\CFP Projects\Address Book App Development\addressbookapp)
2022-06-11 00:59:04.434 [DEBUG] [restartedMain] [c.b.a.AddressBookAppApplication:56] Running with Spring Boot v2.7.0, Spring v5.3.20
2022-06-11 00:59:04.434 [INFO] [restartedMain] [c.b.a.AddressBookAppApplication:640] The following 1 profile is active: "DEV"
2022-06-11 00:59:05.040 [WARN] [restartedMain] [o.s.b.a.o.j.JpaBaseConfiguration$JpaWebConfiguration:219] spring.jpa.open-in-view is enabled by default. Therefore, database queries may be performed during view rendering. Explicitly configure spring.jpa.open-in-view to disable this warning
2022-06-11 00:59:05.181 [INFO] [restartedMain] [c.b.a.AddressBookAppApplication:61] Started AddressBookAppApplication in 0.811 seconds (JVM running for 443.923)
2022-06-11 00:59:05.197 [INFO] [restartedMain] [c.b.a.AddressBookAppApplication:16] AddressBook App Started in DEV Environment
2022-06-11 00:59:05.197 [INFO] [restartedMain] [c.b.a.AddressBookAppApplication:17] AddressBook App started
2022-06-11 00:59:05.344 [INFO] [restartedMain] [c.b.a.AddressBookAppApplication:55] Starting AddressBookAppApplication using Java 17.0.2 on LAPTOP-7535D7BF with PID 4536 (D:\Java SE Development Kit 17.0.2\JetBrains\CFP Projects\Address Book App Development\addressbookapp\addressbookapp\target\classes started by HP in D:\Java SE Development Kit 17.0.2\JetBrains\CFP Projects\Address Book App Development\addressbookapp)
2022-06-11 00:59:05.344 [DEBUG] [restartedMain] [c.b.a.AddressBookAppApplication:56] Running with Spring Boot v2.7.0, Spring v5.3.20
2022-06-11 00:59:05.344 [INFO] [restartedMain] [c.b.a.AddressBookAppApplication:640] The following 1 profile is active: "DEV"
2022-06-11 00:59:08.220 [WARN] [restartedMain] [o.s.b.a.o.j.JpaBaseConfiguration$JpaWebConfiguration:219] spring.jpa.open-in-view is enabled by default. Therefore, database queries may be performed during view rendering. Explicitly configure spring.jpa.open-in-view to disable this warning
2022-06-11 00:59:08.563 [WARN] [restartedMain] [o.s.b.d.a.OptionalLiveReloadServer:61] Unable to start LiveReload server
2022-06-11 00:59:08.595 [WARN] [restartedMain] [o.s.b.w.s.c.AnnotationConfigServletWebServerApplicationContext:591] Exception encountered during context initialization - cancelling refresh attempt: org.springframework.context.ApplicationContextException: Failed to start bean 'webServerStartStop'; nested exception is org.springframework.boot.web.server.PortInUseException: Port 8080 is already in use
2022-06-11 00:59:08.673 [ERROR] [restartedMain] [o.s.b.d.LoggingFailureAnalysisReporter:40] 

***************************
APPLICATION FAILED TO START
***************************

Description:

Web server failed to start. Port 8080 was already in use.

Action:

Identify and stop the process that's listening on port 8080 or configure this application to listen on another port.

2022-06-11 00:59:43.303 [INFO] [restartedMain] [c.b.a.AddressBookAppApplication:55] Starting AddressBookAppApplication using Java 17.0.2 on LAPTOP-7535D7BF with PID 1132 (D:\Java SE Development Kit 17.0.2\JetBrains\CFP Projects\Address Book App Development\addressbookapp\addressbookapp\target\classes started by HP in D:\Java SE Development Kit 17.0.2\JetBrains\CFP Projects\Address Book App Development\addressbookapp)
2022-06-11 00:59:43.303 [DEBUG] [restartedMain] [c.b.a.AddressBookAppApplication:56] Running with Spring Boot v2.7.0, Spring v5.3.20
2022-06-11 00:59:43.303 [INFO] [restartedMain] [c.b.a.AddressBookAppApplication:640] The following 1 profile is active: "DEV"
2022-06-11 00:59:46.277 [WARN] [restartedMain] [o.s.b.a.o.j.JpaBaseConfiguration$JpaWebConfiguration:219] spring.jpa.open-in-view is enabled by default. Therefore, database queries may be performed during view rendering. Explicitly configure spring.jpa.open-in-view to disable this warning
2022-06-11 00:59:46.644 [WARN] [restartedMain] [o.s.b.d.a.OptionalLiveReloadServer:61] Unable to start LiveReload server
2022-06-11 00:59:46.660 [WARN] [restartedMain] [o.s.b.w.s.c.AnnotationConfigServletWebServerApplicationContext:591] Exception encountered during context initialization - cancelling refresh attempt: org.springframework.context.ApplicationContextException: Failed to start bean 'webServerStartStop'; nested exception is org.springframework.boot.web.server.PortInUseException: Port 8080 is already in use
2022-06-11 00:59:46.725 [ERROR] [restartedMain] [o.s.b.d.LoggingFailureAnalysisReporter:40] 

***************************
APPLICATION FAILED TO START
***************************

Description:

Web server failed to start. Port 8080 was already in use.

Action:

Identify and stop the process that's listening on port 8080 or configure this application to listen on another port.

2022-06-11 01:00:33.531 [INFO] [restartedMain] [c.b.a.AddressBookAppApplication:55] Starting AddressBookAppApplication using Java 17.0.2 on LAPTOP-7535D7BF with PID 9208 (D:\Java SE Development Kit 17.0.2\JetBrains\CFP Projects\Address Book App Development\addressbookapp\addressbookapp\target\classes started by HP in D:\Java SE Development Kit 17.0.2\JetBrains\CFP Projects\Address Book App Development\addressbookapp)
2022-06-11 01:00:33.531 [DEBUG] [restartedMain] [c.b.a.AddressBookAppApplication:56] Running with Spring Boot v2.7.0, Spring v5.3.20
2022-06-11 01:00:33.531 [INFO] [restartedMain] [c.b.a.AddressBookAppApplication:640] The following 1 profile is active: "DEV"
2022-06-11 01:00:35.963 [WARN] [restartedMain] [o.s.b.a.o.j.JpaBaseConfiguration$JpaWebConfiguration:219] spring.jpa.open-in-view is enabled by default. Therefore, database queries may be performed during view rendering. Explicitly configure spring.jpa.open-in-view to disable this warning
2022-06-11 01:00:36.291 [INFO] [restartedMain] [c.b.a.AddressBookAppApplication:61] Started AddressBookAppApplication in 3.155 seconds (JVM running for 3.626)
2022-06-11 01:00:36.291 [INFO] [restartedMain] [c.b.a.AddressBookAppApplication:16] AddressBook App Started in DEV Environment
2022-06-11 01:00:36.306 [INFO] [restartedMain] [c.b.a.AddressBookAppApplication:17] AddressBook App started
2022-06-11 01:11:56.641 [INFO] [restartedMain] [c.b.a.AddressBookAppApplication:55] Starting AddressBookAppApplication using Java 17.0.2 on LAPTOP-7535D7BF with PID 15212 (D:\Java SE Development Kit 17.0.2\JetBrains\CFP Projects\Address Book App Development\addressbookapp\addressbookapp\target\classes started by HP in D:\Java SE Development Kit 17.0.2\JetBrains\CFP Projects\Address Book App Development\addressbookapp)
2022-06-11 01:11:56.641 [DEBUG] [restartedMain] [c.b.a.AddressBookAppApplication:56] Running with Spring Boot v2.7.0, Spring v5.3.20
2022-06-11 01:11:56.641 [INFO] [restartedMain] [c.b.a.AddressBookAppApplication:640] The following 1 profile is active: "DEV"
2022-06-11 01:11:59.501 [WARN] [restartedMain] [o.s.b.a.o.j.JpaBaseConfiguration$JpaWebConfiguration:219] spring.jpa.open-in-view is enabled by default. Therefore, database queries may be performed during view rendering. Explicitly configure spring.jpa.open-in-view to disable this warning
2022-06-11 01:11:59.891 [INFO] [restartedMain] [c.b.a.AddressBookAppApplication:61] Started AddressBookAppApplication in 3.745 seconds (JVM running for 4.31)
2022-06-11 01:11:59.891 [INFO] [restartedMain] [c.b.a.AddressBookAppApplication:16] AddressBook App Started in DEV Environment
2022-06-11 01:11:59.891 [INFO] [restartedMain] [c.b.a.AddressBookAppApplication:17] AddressBook App started
2022-06-11 17:09:05.222 [INFO] [restartedMain] [c.b.a.AddressBookAppApplication:55] Starting AddressBookAppApplication using Java 17.0.2 on LAPTOP-7535D7BF with PID 15160 (D:\Java SE Development Kit 17.0.2\JetBrains\CFP Projects\Address Book App Development\addressbookapp\addressbookapp\target\classes started by HP in D:\Java SE Development Kit 17.0.2\JetBrains\CFP Projects\Address Book App Development\addressbookapp)
2022-06-11 17:09:05.223 [DEBUG] [restartedMain] [c.b.a.AddressBookAppApplication:56] Running with Spring Boot v2.7.0, Spring v5.3.20
2022-06-11 17:09:05.224 [INFO] [restartedMain] [c.b.a.AddressBookAppApplication:640] The following 1 profile is active: "DEV"
2022-06-11 17:09:07.596 [WARN] [restartedMain] [o.s.b.a.o.j.JpaBaseConfiguration$JpaWebConfiguration:219] spring.jpa.open-in-view is enabled by default. Therefore, database queries may be performed during view rendering. Explicitly configure spring.jpa.open-in-view to disable this warning
2022-06-11 17:09:07.892 [INFO] [restartedMain] [c.b.a.AddressBookAppApplication:61] Started AddressBookAppApplication in 2.993 seconds (JVM running for 3.446)
2022-06-11 17:09:07.895 [INFO] [restartedMain] [c.b.a.AddressBookAppApplication:16] AddressBook App Started in DEV Environment
2022-06-11 17:09:07.896 [INFO] [restartedMain] [c.b.a.AddressBookAppApplication:17] AddressBook App started
2022-06-11 19:18:26.358 [INFO] [restartedMain] [c.b.a.AddressBookAppApplication:55] Starting AddressBookAppApplication using Java 17.0.2 on LAPTOP-7535D7BF with PID 4916 (D:\Java SE Development Kit 17.0.2\JetBrains\CFP Projects\Address Book App Development\addressbookapp\addressbookapp\target\classes started by HP in D:\Java SE Development Kit 17.0.2\JetBrains\CFP Projects\Address Book App Development\addressbookapp)
2022-06-11 19:18:26.358 [DEBUG] [restartedMain] [c.b.a.AddressBookAppApplication:56] Running with Spring Boot v2.7.0, Spring v5.3.20
2022-06-11 19:18:26.358 [INFO] [restartedMain] [c.b.a.AddressBookAppApplication:640] The following 1 profile is active: "DEV"
2022-06-11 19:18:28.215 [WARN] [restartedMain] [o.s.b.a.o.j.JpaBaseConfiguration$JpaWebConfiguration:219] spring.jpa.open-in-view is enabled by default. Therefore, database queries may be performed during view rendering. Explicitly configure spring.jpa.open-in-view to disable this warning
2022-06-11 19:18:28.528 [INFO] [restartedMain] [c.b.a.AddressBookAppApplication:61] Started AddressBookAppApplication in 2.462 seconds (JVM running for 2.789)
2022-06-11 19:18:28.528 [INFO] [restartedMain] [c.b.a.AddressBookAppApplication:16] AddressBook App Started in DEV Environment
2022-06-11 19:18:28.528 [INFO] [restartedMain] [c.b.a.AddressBookAppApplication:17] AddressBook App started
2022-06-11 19:19:12.527 [WARN] [http-nio-8080-exec-1] [o.s.w.s.m.s.DefaultHandlerExceptionResolver:208] Resolved [org.springframework.http.converter.HttpMessageNotReadableException: Required request body is missing: public org.springframework.http.ResponseEntity<com.bridgelabz.addressbookapp.dto.ResponseDTO> com.bridgelabz.addressbookapp.controller.AddressBookController.addAddressBookData(com.bridgelabz.addressbookapp.dto.AddressBookDTO)]
2022-06-11 19:19:54.639 [WARN] [http-nio-8080-exec-3] [o.s.w.s.m.s.DefaultHandlerExceptionResolver:208] Resolved [org.springframework.web.bind.MethodArgumentNotValidException: Validation failed for argument [0] in public org.springframework.http.ResponseEntity<com.bridgelabz.addressbookapp.dto.ResponseDTO> com.bridgelabz.addressbookapp.controller.AddressBookController.addAddressBookData(com.bridgelabz.addressbookapp.dto.AddressBookDTO): [Field error in object 'addressBookDTO' on field 'phNumber': rejected value [956127292]; codes [Pattern.addressBookDTO.phNumber,Pattern.phNumber,Pattern.java.lang.String,Pattern]; arguments [org.springframework.context.support.DefaultMessageSourceResolvable: codes [addressBookDTO.phNumber,phNumber]; arguments []; default message [phNumber],[Ljavax.validation.constraints.Pattern$Flag;@29f36ca7,^[\+]?[(]?[0-9]{3}[)]?[-\s\.]?[0-9]{3}[-\s\.]?[0-9]{4,6}$]; default message [phone-number is invalid]] ]
2022-06-11 19:20:39.123 [WARN] [http-nio-8080-exec-5] [o.s.w.s.m.s.DefaultHandlerExceptionResolver:208] Resolved [org.springframework.web.bind.MethodArgumentNotValidException: Validation failed for argument [0] in public org.springframework.http.ResponseEntity<com.bridgelabz.addressbookapp.dto.ResponseDTO> com.bridgelabz.addressbookapp.controller.AddressBookController.addAddressBookData(com.bridgelabz.addressbookapp.dto.AddressBookDTO) with 2 errors: [Field error in object 'addressBookDTO' on field 'name': rejected value []; codes [NotEmpty.addressBookDTO.name,NotEmpty.name,NotEmpty.java.lang.String,NotEmpty]; arguments [org.springframework.context.support.DefaultMessageSourceResolvable: codes [addressBookDTO.name,name]; arguments []; default message [name]]; default message [Address-book name cannot be null]] [Field error in object 'addressBookDTO' on field 'name': rejected value []; codes [Pattern.addressBookDTO.name,Pattern.name,Pattern.java.lang.String,Pattern]; arguments [org.springframework.context.support.DefaultMessageSourceResolvable: codes [addressBookDTO.name,name]; arguments []; default message [name],[Ljavax.validation.constraints.Pattern$Flag;@29f36ca7,^[A-Z]{1}[a-zA-Z\s]{2,}$]; default message [Address-book name is Invalid]] ]
